<?xml version="1.0" encoding="UTF-8"?>
<!-- Generated by org.testng.reporters.JUnitXMLReporter -->
<testsuite ignored="0" hostname="Suyasha_Masand" failures="0" tests="4" name="Surefire test" time="0.047" errors="0" timestamp="2024-01-10T09:41:26 IST">
  <testcase classname="practise.MavenCommandTest" name="test1" time="0.0"/>
  <testcase classname="practise.MavenCommandTest" name="test2" time="0.0"/>
  <testcase classname="practise.MavenCommandTest" name="test3" time="0.0"/>
  <testcase classname="practise.Maven_ProjectTest" name="Test1" time="0.0"/>
</testsuite> <!-- Surefire test -->
