<?xml version="1.0" encoding="UTF-8"?>
<testng-results ignored="0" total="4" passed="4" failed="0" skipped="0">
  <reporter-output>
  </reporter-output>
  <suite started-at="2024-01-10T09:41:26 IST" name="Surefire suite" finished-at="2024-01-10T09:41:26 IST" duration-ms="47">
    <groups>
    </groups>
    <test started-at="2024-01-10T09:41:26 IST" name="Surefire test" finished-at="2024-01-10T09:41:26 IST" duration-ms="47">
      <class name="practise.Maven_ProjectTest">
        <test-method signature="Test1()[pri:0, instance:practise.Maven_ProjectTest@63355449]" started-at="2024-01-10T09:41:26 IST" name="Test1" finished-at="2024-01-10T09:41:26 IST" duration-ms="0" status="PASS">
          <reporter-output>
          </reporter-output>
        </test-method> <!-- Test1 -->
      </class> <!-- practise.Maven_ProjectTest -->
      <class name="practise.MavenCommandTest">
        <test-method signature="test1()[pri:0, instance:practise.MavenCommandTest@2667f029]" started-at="2024-01-10T09:41:26 IST" name="test1" finished-at="2024-01-10T09:41:26 IST" duration-ms="0" status="PASS">
          <reporter-output>
          </reporter-output>
        </test-method> <!-- test1 -->
        <test-method signature="test2()[pri:0, instance:practise.MavenCommandTest@2667f029]" started-at="2024-01-10T09:41:26 IST" name="test2" finished-at="2024-01-10T09:41:26 IST" duration-ms="0" status="PASS">
          <reporter-output>
          </reporter-output>
        </test-method> <!-- test2 -->
        <test-method signature="test3()[pri:0, instance:practise.MavenCommandTest@2667f029]" started-at="2024-01-10T09:41:26 IST" name="test3" finished-at="2024-01-10T09:41:26 IST" duration-ms="0" status="PASS">
          <reporter-output>
          </reporter-output>
        </test-method> <!-- test3 -->
      </class> <!-- practise.MavenCommandTest -->
    </test> <!-- Surefire test -->
  </suite> <!-- Surefire suite -->
</testng-results>
